<?xml version="1.0" encoding="UTF-8"?>
<testng-results ignored="0" total="7" passed="6" failed="1" skipped="0">
  <reporter-output>
  </reporter-output>
  <suite started-at="2020-12-10T01:30:33 PST" name="Default suite" finished-at="2020-12-10T01:30:33 PST" duration-ms="580">
    <groups>
    </groups>
    <test started-at="2020-12-10T01:30:33 PST" name="Default test" finished-at="2020-12-10T01:30:33 PST" duration-ms="580">
      <class name="ImDbApiTest.API_Test_Cases">
        <test-method signature="API_Verification()[pri:1, instance:ImDbApiTest.API_Test_Cases@5cbd159f]" started-at="2020-12-10T01:30:33 PST" name="API_Verification" finished-at="2020-12-10T01:30:33 PST" duration-ms="47" status="PASS">
          <reporter-output>
          </reporter-output>
        </test-method> <!-- API_Verification -->
        <test-method signature="API_TC_01()[pri:2, instance:ImDbApiTest.API_Test_Cases@5cbd159f]" started-at="2020-12-10T01:30:33 PST" name="API_TC_01" finished-at="2020-12-10T01:30:33 PST" duration-ms="444" status="PASS">
          <reporter-output>
          </reporter-output>
        </test-method> <!-- API_TC_01 -->
        <test-method signature="API_TC_02()[pri:3, instance:ImDbApiTest.API_Test_Cases@5cbd159f]" started-at="2020-12-10T01:30:33 PST" name="API_TC_02" finished-at="2020-12-10T01:30:33 PST" duration-ms="20" status="PASS">
          <reporter-output>
          </reporter-output>
        </test-method> <!-- API_TC_02 -->
        <test-method signature="API_TC_03()[pri:4, instance:ImDbApiTest.API_Test_Cases@5cbd159f]" started-at="2020-12-10T01:30:33 PST" name="API_TC_03" finished-at="2020-12-10T01:30:33 PST" duration-ms="17" status="PASS">
          <reporter-output>
          </reporter-output>
        </test-method> <!-- API_TC_03 -->
        <test-method signature="API_TC_04()[pri:5, instance:ImDbApiTest.API_Test_Cases@5cbd159f]" started-at="2020-12-10T01:30:33 PST" name="API_TC_04" finished-at="2020-12-10T01:30:33 PST" duration-ms="1" status="PASS">
          <reporter-output>
          </reporter-output>
        </test-method> <!-- API_TC_04 -->
        <test-method signature="API_TC_05()[pri:6, instance:ImDbApiTest.API_Test_Cases@5cbd159f]" started-at="2020-12-10T01:30:33 PST" name="API_TC_05" finished-at="2020-12-10T01:30:33 PST" duration-ms="1" status="FAIL">
          <exception class="java.lang.AssertionError">
            <message>
              <![CDATA[expected [true] but found [false]]]>
            </message>
            <full-stacktrace>
              <![CDATA[java.lang.AssertionError: expected [true] but found [false]
at org.testng.Assert.fail(Assert.java:99)
at org.testng.Assert.failNotEquals(Assert.java:1037)
at org.testng.Assert.assertEqualsImpl(Assert.java:140)
at org.testng.Assert.assertEquals(Assert.java:122)
at org.testng.Assert.assertEquals(Assert.java:819)
at org.testng.Assert.assertEquals(Assert.java:829)
at ImDbApiTest.API_Test_Cases.API_TC_05(API_Test_Cases.java:40)
at java.base/jdk.internal.reflect.NativeMethodAccessorImpl.invoke0(Native Method)
at java.base/jdk.internal.reflect.NativeMethodAccessorImpl.invoke(NativeMethodAccessorImpl.java:62)
at java.base/jdk.internal.reflect.DelegatingMethodAccessorImpl.invoke(DelegatingMethodAccessorImpl.java:43)
at java.base/java.lang.reflect.Method.invoke(Method.java:567)
at org.testng.internal.MethodInvocationHelper.invokeMethod(MethodInvocationHelper.java:132)
at org.testng.internal.TestInvoker.invokeMethod(TestInvoker.java:599)
at org.testng.internal.TestInvoker.invokeTestMethod(TestInvoker.java:174)
at org.testng.internal.MethodRunner.runInSequence(MethodRunner.java:46)
at org.testng.internal.TestInvoker$MethodInvocationAgent.invoke(TestInvoker.java:822)
at org.testng.internal.TestInvoker.invokeTestMethods(TestInvoker.java:147)
at org.testng.internal.TestMethodWorker.invokeTestMethods(TestMethodWorker.java:146)
at org.testng.internal.TestMethodWorker.run(TestMethodWorker.java:128)
at java.base/java.util.ArrayList.forEach(ArrayList.java:1540)
at org.testng.TestRunner.privateRun(TestRunner.java:764)
at org.testng.TestRunner.run(TestRunner.java:585)
at org.testng.SuiteRunner.runTest(SuiteRunner.java:384)
at org.testng.SuiteRunner.runSequentially(SuiteRunner.java:378)
at org.testng.SuiteRunner.privateRun(SuiteRunner.java:337)
at org.testng.SuiteRunner.run(SuiteRunner.java:286)
at org.testng.SuiteRunnerWorker.runSuite(SuiteRunnerWorker.java:53)
at org.testng.SuiteRunnerWorker.run(SuiteRunnerWorker.java:96)
at org.testng.TestNG.runSuitesSequentially(TestNG.java:1218)
at org.testng.TestNG.runSuitesLocally(TestNG.java:1140)
at org.testng.TestNG.runSuites(TestNG.java:1069)
at org.testng.TestNG.run(TestNG.java:1037)
at org.testng.remote.AbstractRemoteTestNG.run(AbstractRemoteTestNG.java:115)
at org.testng.remote.RemoteTestNG.initAndRun(RemoteTestNG.java:251)
at org.testng.remote.RemoteTestNG.main(RemoteTestNG.java:77)
]]>
            </full-stacktrace>
          </exception> <!-- java.lang.AssertionError -->
          <reporter-output>
          </reporter-output>
        </test-method> <!-- API_TC_05 -->
        <test-method signature="API_TC_07()[pri:7, instance:ImDbApiTest.API_Test_Cases@5cbd159f]" started-at="2020-12-10T01:30:33 PST" name="API_TC_07" finished-at="2020-12-10T01:30:33 PST" duration-ms="1" status="PASS">
          <reporter-output>
          </reporter-output>
        </test-method> <!-- API_TC_07 -->
      </class> <!-- ImDbApiTest.API_Test_Cases -->
    </test> <!-- Default test -->
  </suite> <!-- Default suite -->
</testng-results>
